timestamp: 2015-11-25T16:35:31.490000
CREATE TABLE auth_user(
    id INTEGER PRIMARY KEY AUTOINCREMENT,
    first_name CHAR(128),
    last_name CHAR(128),
    email CHAR(512),
    password CHAR(512),
    registration_key CHAR(512),
    reset_password_key CHAR(512),
    registration_id CHAR(512)
);
success!
timestamp: 2015-11-25T16:35:31.510000
CREATE TABLE auth_group(
    id INTEGER PRIMARY KEY AUTOINCREMENT,
    role CHAR(512),
    description TEXT
);
success!
timestamp: 2015-11-25T16:35:31.529000
CREATE TABLE auth_membership(
    id INTEGER PRIMARY KEY AUTOINCREMENT,
    user_id INTEGER REFERENCES auth_user (id) ON DELETE CASCADE  ,
    group_id INTEGER REFERENCES auth_group (id) ON DELETE CASCADE  
);
success!
timestamp: 2015-11-25T16:35:31.549000
CREATE TABLE auth_permission(
    id INTEGER PRIMARY KEY AUTOINCREMENT,
    group_id INTEGER REFERENCES auth_group (id) ON DELETE CASCADE  ,
    name CHAR(512),
    table_name CHAR(512),
    record_id INTEGER
);
success!
timestamp: 2015-11-25T16:35:31.571000
CREATE TABLE auth_event(
    id INTEGER PRIMARY KEY AUTOINCREMENT,
    time_stamp TIMESTAMP,
    client_ip CHAR(512),
    user_id INTEGER REFERENCES auth_user (id) ON DELETE CASCADE  ,
    origin CHAR(512),
    description TEXT
);
success!
timestamp: 2015-11-25T16:35:31.589000
CREATE TABLE auth_cas(
    id INTEGER PRIMARY KEY AUTOINCREMENT,
    user_id INTEGER REFERENCES auth_user (id) ON DELETE CASCADE  ,
    created_on TIMESTAMP,
    service CHAR(512),
    ticket CHAR(512),
    renew CHAR(1)
);
success!
timestamp: 2015-11-25T17:14:32.764000
CREATE TABLE boards(
    id INTEGER PRIMARY KEY AUTOINCREMENT,
    board_name TEXT,
    board_id CHAR(512),
    author INTEGER REFERENCES auth_user (id) ON DELETE CASCADE  
);
success!
timestamp: 2015-11-25T17:14:32.793000
CREATE TABLE posts(
    id INTEGER PRIMARY KEY AUTOINCREMENT,
    post_name TEXT,
    post_content TEXT,
    board_id CHAR(512),
    post_id CHAR(512),
    author INTEGER REFERENCES auth_user (id) ON DELETE CASCADE  
);
success!
DROP TABLE boards;
success!
DROP TABLE posts;
success!
timestamp: 2015-11-25T21:18:36.491000
CREATE TABLE boards(
    id INTEGER PRIMARY KEY AUTOINCREMENT,
    board_name TEXT,
    board_id CHAR(512),
    author INTEGER REFERENCES auth_user (id) ON DELETE CASCADE  
);
success!
timestamp: 2015-11-25T21:18:36.512000
CREATE TABLE posts(
    id INTEGER PRIMARY KEY AUTOINCREMENT,
    post_name TEXT,
    post_content TEXT,
    board_id CHAR(512),
    post_id CHAR(512),
    author INTEGER REFERENCES auth_user (id) ON DELETE CASCADE  
);
success!
